<<<<<<< HEAD
﻿生成启动时间为 2018/11/15 星期四 15:12:03。
     1>项目“C:\Users\Administrator\Documents\Visual Studio 2013\Projects\opencl-数组求和\Array-summation-opencl-master\Array-summation-opencl-master\opencl-数组求和\opencl-数组求和.vcxproj”在节点 2 上(Build 个目标)。
=======
﻿生成启动时间为 2018/11/13 星期二 17:11:56。
     1>项目“C:\Users\Administrator\documents\visual studio 2013\Projects\opencl-数组求和\opencl-数组求和\opencl-数组求和.vcxproj”在节点 2 上(Build 个目标)。
>>>>>>> f0166a17b41a87077a95b1f1a36aad20843522a0
     1>ClCompile:
         E:\softwareinstall\VS2013\VC\bin\x86_amd64\CL.exe /c /Zi /nologo /W3 /WX- /sdl /Od /D WIN32 /D _DEBUG /D _CONSOLE /D _LIB /D _UNICODE /D UNICODE /Gm /EHsc /RTC1 /MDd /GS /fp:precise /Zc:wchar_t /Zc:forScope /Fo"x64\Debug\\" /Fd"x64\Debug\vc120.pdb" /Gd /TP /errorReport:prompt reduction_complete.cpp
         reduction_complete.cpp
       Link:
<<<<<<< HEAD
         E:\softwareinstall\VS2013\VC\bin\x86_amd64\link.exe /ERRORREPORT:PROMPT /OUT:"C:\Users\Administrator\Documents\Visual Studio 2013\Projects\opencl-数组求和\Array-summation-opencl-master\Array-summation-opencl-master\x64\Debug\opencl-数组求和.exe" /INCREMENTAL /NOLOGO OpenCL.lib kernel32.lib user32.lib gdi32.lib winspool.lib comdlg32.lib advapi32.lib shell32.lib ole32.lib oleaut32.lib uuid.lib odbc32.lib odbccp32.lib /MANIFEST /MANIFESTUAC:"level='asInvoker' uiAccess='false'" /manifest:embed /DEBUG /PDB:"C:\Users\Administrator\Documents\Visual Studio 2013\Projects\opencl-数组求和\Array-summation-opencl-master\Array-summation-opencl-master\x64\Debug\opencl-数组求和.pdb" /SUBSYSTEM:CONSOLE /TLBID:1 /DYNAMICBASE /NXCOMPAT /IMPLIB:"C:\Users\Administrator\Documents\Visual Studio 2013\Projects\opencl-数组求和\Array-summation-opencl-master\Array-summation-opencl-master\x64\Debug\opencl-数组求和.lib" /MACHINE:X64 x64\Debug\reduction_complete.obj
         opencl-数组求和.vcxproj -> C:\Users\Administrator\Documents\Visual Studio 2013\Projects\opencl-数组求和\Array-summation-opencl-master\Array-summation-opencl-master\x64\Debug\opencl-数组求和.exe
     1>已完成生成项目“C:\Users\Administrator\Documents\Visual Studio 2013\Projects\opencl-数组求和\Array-summation-opencl-master\Array-summation-opencl-master\opencl-数组求和\opencl-数组求和.vcxproj”(Build 个目标)的操作。

生成成功。

已用时间 00:00:00.70
=======
         E:\softwareinstall\VS2013\VC\bin\x86_amd64\link.exe /ERRORREPORT:PROMPT /OUT:"C:\Users\Administrator\documents\visual studio 2013\Projects\opencl-数组求和\x64\Debug\opencl-数组求和.exe" /INCREMENTAL /NOLOGO OpenCL.lib kernel32.lib user32.lib gdi32.lib winspool.lib comdlg32.lib advapi32.lib shell32.lib ole32.lib oleaut32.lib uuid.lib odbc32.lib odbccp32.lib /MANIFEST /MANIFESTUAC:"level='asInvoker' uiAccess='false'" /manifest:embed /DEBUG /PDB:"C:\Users\Administrator\documents\visual studio 2013\Projects\opencl-数组求和\x64\Debug\opencl-数组求和.pdb" /SUBSYSTEM:CONSOLE /TLBID:1 /DYNAMICBASE /NXCOMPAT /IMPLIB:"C:\Users\Administrator\documents\visual studio 2013\Projects\opencl-数组求和\x64\Debug\opencl-数组求和.lib" /MACHINE:X64 x64\Debug\reduction_complete.obj
         opencl-数组求和.vcxproj -> C:\Users\Administrator\documents\visual studio 2013\Projects\opencl-数组求和\x64\Debug\opencl-数组求和.exe
     1>已完成生成项目“C:\Users\Administrator\documents\visual studio 2013\Projects\opencl-数组求和\opencl-数组求和\opencl-数组求和.vcxproj”(Build 个目标)的操作。

生成成功。

已用时间 00:00:00.62
>>>>>>> f0166a17b41a87077a95b1f1a36aad20843522a0
